<?xml version="1.0" encoding="UTF-8"?>
<!-- Generated by org.testng.reporters.JUnitXMLReporter -->
<testsuite ignored="0" hostname="DESKTOP-VG9MAAH" failures="0" tests="4" name="Default test" time="94.46" errors="0" timestamp="2023-07-27T02:13:04 IST">
  <testcase classname="Test.LoginTest" name="logon" time="9.521"/>
  <testcase classname="Test.ProductTest" name="VerifyProduct" time="23.718"/>
  <testcase classname="Test.CartTest" name="VerifyCart" time="23.739"/>
  <testcase classname="Test.CheckoutTest" name="VerifyCheckout" time="17.191"/>
</testsuite> <!-- Default test -->
