<?xml version="1.0" encoding="UTF-8"?>
<!-- Generated by org.testng.reporters.JUnitXMLReporter -->
<testsuite ignored="0" hostname="DESKTOP-VG9MAAH" failures="0" tests="5" name="Test" time="160.122" errors="0" timestamp="2023-07-27T03:07:50 IST">
  <testcase classname="Test.CreateTest" name="verify" time="16.086"/>
  <testcase classname="Test.LoginTest" name="logon" time="9.588"/>
  <testcase classname="Test.ProductTest" name="VerifyProduct" time="49.271"/>
  <testcase classname="Test.CartTest" name="VerifyCart" time="29.406"/>
  <testcase classname="Test.CheckoutTest" name="VerifyCheckout" time="17.27"/>
</testsuite> <!-- Test -->
