<?xml version="1.0" encoding="UTF-8"?>
<testng-results ignored="0" total="5" passed="5" failed="0" skipped="0">
  <reporter-output>
  </reporter-output>
  <suite started-at="2023-07-27T03:05:10 IST" name="Suite" finished-at="2023-07-27T03:07:50 IST" duration-ms="160122">
    <groups>
    </groups>
    <test started-at="2023-07-27T03:05:10 IST" name="Test" finished-at="2023-07-27T03:07:50 IST" duration-ms="160122">
      <class name="Test.CheckoutTest">
        <test-method is-config="true" signature="setup()[pri:0, instance:Test.CheckoutTest@1750fbeb]" started-at="2023-07-27T03:05:36 IST" name="setup" finished-at="2023-07-27T03:06:04 IST" duration-ms="28465" status="PASS">
          <reporter-output>
          </reporter-output>
        </test-method> <!-- setup -->
        <test-method signature="logon()[pri:1, instance:Test.CheckoutTest@1750fbeb]" started-at="2023-07-27T03:06:04 IST" name="logon" finished-at="2023-07-27T03:06:14 IST" duration-ms="9588" status="PASS">
          <reporter-output>
          </reporter-output>
        </test-method> <!-- logon -->
        <test-method signature="VerifyProduct()[pri:2, instance:Test.CheckoutTest@1750fbeb]" started-at="2023-07-27T03:06:14 IST" name="VerifyProduct" finished-at="2023-07-27T03:07:03 IST" duration-ms="49271" status="PASS">
          <reporter-output>
          </reporter-output>
        </test-method> <!-- VerifyProduct -->
        <test-method signature="VerifyCart()[pri:3, instance:Test.CheckoutTest@1750fbeb]" started-at="2023-07-27T03:07:03 IST" name="VerifyCart" finished-at="2023-07-27T03:07:32 IST" duration-ms="29406" status="PASS">
          <reporter-output>
          </reporter-output>
        </test-method> <!-- VerifyCart -->
        <test-method signature="VerifyCheckout()[pri:4, instance:Test.CheckoutTest@1750fbeb]" started-at="2023-07-27T03:07:32 IST" name="VerifyCheckout" finished-at="2023-07-27T03:07:50 IST" duration-ms="17270" status="PASS">
          <reporter-output>
          </reporter-output>
        </test-method> <!-- VerifyCheckout -->
      </class> <!-- Test.CheckoutTest -->
      <class name="Test.CreateTest">
        <test-method is-config="true" signature="setup()[pri:0, instance:Test.CreateTest@6fa51cd4]" started-at="2023-07-27T03:05:10 IST" name="setup" finished-at="2023-07-27T03:05:20 IST" duration-ms="9951" status="PASS">
          <reporter-output>
          </reporter-output>
        </test-method> <!-- setup -->
        <test-method signature="verify()[pri:0, instance:Test.CreateTest@6fa51cd4]" started-at="2023-07-27T03:05:20 IST" name="verify" finished-at="2023-07-27T03:05:36 IST" duration-ms="16086" status="PASS">
          <reporter-output>
          </reporter-output>
        </test-method> <!-- verify -->
      </class> <!-- Test.CreateTest -->
    </test> <!-- Test -->
  </suite> <!-- Suite -->
</testng-results>
